[10:36:44] ⚠️ Lỗi đọc file state: Expecting value: line 1 column 1 (char 0)
[10:36:44] ⚠️ Phát hiện Bot Thread bị dừng. Đang khởi động lại...
[10:36:44] Thiết lập đòn bẩy và margin...
[10:36:45] Đang tải dữ liệu lịch sử klines...
[10:36:47] ✅ Đã kết nối WebSocket thành công!
[10:36:49] 🚀 ĐANG MỞ LONG - Đợi khớp lệnh...
[10:36:50] ✅ ĐÃ MỞ LONG | KL: 6.732 | Phí: 6.2083 USDT
[10:37:14] 🚨 KILL SWITCH ĐÃ ĐÓNG VỊ THẾ HIỆN TẠI THÀNH CÔNG!
[10:37:14] 🚨 KILL SWITCH: BẬT
[10:37:14] 🔴 KILL SWITCH ĐANG BẬT. Bot bị đình chỉ (Không mở mới).
[10:37:19] 🔴 KILL SWITCH ĐANG BẬT. Bot bị đình chỉ (Không mở mới).
[10:37:24] 🔴 KILL SWITCH ĐANG BẬT. Bot bị đình chỉ (Không mở mới).
[10:37:29] 🔴 KILL SWITCH ĐANG BẬT. Bot bị đình chỉ (Không mở mới).
[10:37:34] 🔴 KILL SWITCH ĐANG BẬT. Bot bị đình chỉ (Không mở mới).
[10:37:39] 🔴 KILL SWITCH ĐANG BẬT. Bot bị đình chỉ (Không mở mới).
[10:37:44] 🔴 KILL SWITCH ĐANG BẬT. Bot bị đình chỉ (Không mở mới).
[10:37:49] 🔴 KILL SWITCH ĐANG BẬT. Bot bị đình chỉ (Không mở mới).
[10:37:54] 🔴 KILL SWITCH ĐANG BẬT. Bot bị đình chỉ (Không mở mới).
[10:37:57] 🚨 KILL SWITCH: TẮT
[10:38:00] 🚀 ĐANG MỞ LONG - Đợi khớp lệnh...
[10:38:01] ✅ ĐÃ MỞ LONG | KL: 6.711 | Phí: 6.1897 USDT
[10:38:41] ✅ Đã khôi phục trạng thái bot_state.json!
[10:38:41] ⚠️ Phát hiện Bot Thread bị dừng. Đang khởi động lại...
[10:38:41] Thiết lập đòn bẩy và margin...
[10:38:42] Đang tải dữ liệu lịch sử klines...
[10:38:43] ✅ Đã kết nối WebSocket thành công!
[10:38:45] 🚀 ĐANG MỞ LONG - Đợi khớp lệnh...
[10:38:45] ✅ ĐÃ MỞ LONG | KL: 6.69 | Phí: 6.1703 USDT
[10:45:40] 🚨 KILL SWITCH ĐÃ ĐÓNG VỊ THẾ HIỆN TẠI THÀNH CÔNG!
[10:45:40] 🚨 KILL SWITCH: BẬT
[10:45:40] 🔴 KILL SWITCH ĐANG BẬT. Bot bị đình chỉ (Không mở mới).
[10:45:45] 🔴 KILL SWITCH ĐANG BẬT. Bot bị đình chỉ (Không mở mới).
[10:45:50] 🔴 KILL SWITCH ĐANG BẬT. Bot bị đình chỉ (Không mở mới).
[10:45:55] 🔴 KILL SWITCH ĐANG BẬT. Bot bị đình chỉ (Không mở mới).
[10:46:00] 🔴 KILL SWITCH ĐANG BẬT. Bot bị đình chỉ (Không mở mới).
[10:46:01] 🚨 KILL SWITCH: TẮT
[10:46:06] 🚀 ĐANG MỞ LONG - Đợi khớp lệnh...
[10:46:06] ✅ ĐÃ MỞ LONG | KL: 6.64 | Phí: 6.1150 USDT
[10:51:04] ✅ Đã khôi phục trạng thái bot_state.json!
[10:51:04] ⚠️ Phát hiện Bot Thread bị dừng. Đang khởi động lại...
[10:51:04] Thiết lập đòn bẩy và margin...
[10:51:06] Đang tải dữ liệu lịch sử klines...
[10:51:07] ✅ Đã kết nối WebSocket thành công!
[10:53:15] 🔴 KILL SWITCH ĐANG BẬT. Bot bị đình chỉ (Không mở mới).
[10:53:15] 🚨 KILL SWITCH ĐÃ ĐÓNG VỊ THẾ HIỆN TẠI THÀNH CÔNG!
[10:53:15] 🚨 KILL SWITCH: BẬT
[10:53:20] 🔴 KILL SWITCH ĐANG BẬT. Bot bị đình chỉ (Không mở mới).
[10:53:24] 🚨 KILL SWITCH: TẮT
[10:53:25] 🚀 ĐANG MỞ LONG - Đợi khớp lệnh...
[10:53:26] ✅ ĐÃ MỞ LONG | KL: 6.57 | Phí: 6.0521 USDT
[10:53:38] 🔴 KILL SWITCH ĐANG BẬT. Bot bị đình chỉ (Không mở mới).
[10:53:38] 🚨 KILL SWITCH ĐÃ ĐÓNG VỊ THẾ HIỆN TẠI THÀNH CÔNG!
[10:53:38] 🚨 KILL SWITCH: BẬT
[10:53:43] 🔴 KILL SWITCH ĐANG BẬT. Bot bị đình chỉ (Không mở mới).
[10:53:48] 🔴 KILL SWITCH ĐANG BẬT. Bot bị đình chỉ (Không mở mới).
[10:53:53] 🔴 KILL SWITCH ĐANG BẬT. Bot bị đình chỉ (Không mở mới).
[10:53:58] 🔴 KILL SWITCH ĐANG BẬT. Bot bị đình chỉ (Không mở mới).
[10:54:03] 🔴 KILL SWITCH ĐANG BẬT. Bot bị đình chỉ (Không mở mới).
[10:54:08] 🔴 KILL SWITCH ĐANG BẬT. Bot bị đình chỉ (Không mở mới).
[10:54:13] 🔴 KILL SWITCH ĐANG BẬT. Bot bị đình chỉ (Không mở mới).
[10:54:18] 🔴 KILL SWITCH ĐANG BẬT. Bot bị đình chỉ (Không mở mới).
[10:54:23] 🔴 KILL SWITCH ĐANG BẬT. Bot bị đình chỉ (Không mở mới).
[10:54:28] 🔴 KILL SWITCH ĐANG BẬT. Bot bị đình chỉ (Không mở mới).
[10:54:33] 🔴 KILL SWITCH ĐANG BẬT. Bot bị đình chỉ (Không mở mới).
[10:54:38] 🔴 KILL SWITCH ĐANG BẬT. Bot bị đình chỉ (Không mở mới).
[10:54:43] 🔴 KILL SWITCH ĐANG BẬT. Bot bị đình chỉ (Không mở mới).
[10:54:48] 🔴 KILL SWITCH ĐANG BẬT. Bot bị đình chỉ (Không mở mới).
[10:54:53] 🔴 KILL SWITCH ĐANG BẬT. Bot bị đình chỉ (Không mở mới).
[10:54:58] 🔴 KILL SWITCH ĐANG BẬT. Bot bị đình chỉ (Không mở mới).
[10:55:03] 🔴 KILL SWITCH ĐANG BẬT. Bot bị đình chỉ (Không mở mới).
[10:55:08] 🔴 KILL SWITCH ĐANG BẬT. Bot bị đình chỉ (Không mở mới).
[10:55:13] 🔴 KILL SWITCH ĐANG BẬT. Bot bị đình chỉ (Không mở mới).
[10:55:18] 🔴 KILL SWITCH ĐANG BẬT. Bot bị đình chỉ (Không mở mới).
[10:55:23] 🔴 KILL SWITCH ĐANG BẬT. Bot bị đình chỉ (Không mở mới).
[10:55:28] 🔴 KILL SWITCH ĐANG BẬT. Bot bị đình chỉ (Không mở mới).
[10:55:33] 🔴 KILL SWITCH ĐANG BẬT. Bot bị đình chỉ (Không mở mới).
[10:55:38] 🔴 KILL SWITCH ĐANG BẬT. Bot bị đình chỉ (Không mở mới).
[10:55:43] 🔴 KILL SWITCH ĐANG BẬT. Bot bị đình chỉ (Không mở mới).
[10:55:48] 🔴 KILL SWITCH ĐANG BẬT. Bot bị đình chỉ (Không mở mới).
[10:55:53] 🔴 KILL SWITCH ĐANG BẬT. Bot bị đình chỉ (Không mở mới).
[10:55:58] 🔴 KILL SWITCH ĐANG BẬT. Bot bị đình chỉ (Không mở mới).
[10:56:03] 🔴 KILL SWITCH ĐANG BẬT. Bot bị đình chỉ (Không mở mới).
[10:56:08] 🔴 KILL SWITCH ĐANG BẬT. Bot bị đình chỉ (Không mở mới).
[10:56:13] 🔴 KILL SWITCH ĐANG BẬT. Bot bị đình chỉ (Không mở mới).
[10:56:18] 🔴 KILL SWITCH ĐANG BẬT. Bot bị đình chỉ (Không mở mới).
[10:56:23] 🔴 KILL SWITCH ĐANG BẬT. Bot bị đình chỉ (Không mở mới).
[10:56:28] 🔴 KILL SWITCH ĐANG BẬT. Bot bị đình chỉ (Không mở mới).
[10:56:32] 🚨 KILL SWITCH: TẮT
[10:56:34] 🚀 ĐANG MỞ LONG - Đợi khớp lệnh...
[10:56:36] ✅ ĐÃ MỞ LONG | KL: 6.54 | Phí: 6.0250 USDT
[11:01:55] 🚀 ĐANG MỞ LONG - Đợi khớp lệnh...
[11:01:56] ✅ ĐÃ MỞ LONG | KL: 6.521 | Phí: 6.0079 USDT
[11:02:45] ✅ Đã khôi phục trạng thái bot_state.json!
[11:02:45] ⚠️ Phát hiện Bot Thread bị dừng. Đang khởi động lại...
[11:02:45] Thiết lập đòn bẩy và margin...
[11:02:47] Đang tải dữ liệu lịch sử klines...
[11:02:49] ✅ Đã kết nối WebSocket thành công!
[11:02:52] 🚀 ĐANG MỞ LONG - Đợi khớp lệnh...
[11:02:53] ✅ ĐÃ MỞ LONG | KL: 6.429 | Phí: 5.9235 USDT
[11:06:38] 🚀 ĐANG MỞ LONG - Đợi khớp lệnh...
[11:07:16] ✅ Đã khôi phục trạng thái bot_state.json!
[11:07:16] ⚠️ Phát hiện Bot Thread bị dừng. Đang khởi động lại...
[11:07:16] Thiết lập đòn bẩy và margin...
[11:07:17] ⚠️ Lỗi API (Lần 1/3): APIError(code=-4161): Leverage reduction is not supported in Isolated Margin Mode with open positions.
[11:07:19] ⚠️ Lỗi API (Lần 2/3): APIError(code=-4161): Leverage reduction is not supported in Isolated Margin Mode with open positions.
[11:07:21] ⚠️ Lỗi API (Lần 3/3): APIError(code=-4161): Leverage reduction is not supported in Isolated Margin Mode with open positions.
[11:07:26] ⚠️ Phát hiện Bot Thread bị dừng. Đang khởi động lại...
[11:07:26] Thiết lập đòn bẩy và margin...
[11:07:27] ⚠️ Lỗi API (Lần 1/3): APIError(code=-4161): Leverage reduction is not supported in Isolated Margin Mode with open positions.
[11:07:29] ⚠️ Lỗi API (Lần 2/3): APIError(code=-4161): Leverage reduction is not supported in Isolated Margin Mode with open positions.
[11:07:30] ⚠️ Lỗi API (Lần 3/3): APIError(code=-4161): Leverage reduction is not supported in Isolated Margin Mode with open positions.
[11:07:36] ⚠️ Phát hiện Bot Thread bị dừng. Đang khởi động lại...
[11:07:36] Thiết lập đòn bẩy và margin...
[11:07:36] ⚠️ Lỗi API (Lần 1/3): APIError(code=-4161): Leverage reduction is not supported in Isolated Margin Mode with open positions.
[11:07:38] ⚠️ Lỗi API (Lần 2/3): APIError(code=-4161): Leverage reduction is not supported in Isolated Margin Mode with open positions.
[11:07:40] ⚠️ Lỗi API (Lần 3/3): APIError(code=-4161): Leverage reduction is not supported in Isolated Margin Mode with open positions.
[11:07:46] ⚠️ Phát hiện Bot Thread bị dừng. Đang khởi động lại...
[11:07:46] Thiết lập đòn bẩy và margin...
[11:07:46] ⚠️ Lỗi API (Lần 1/3): APIError(code=-4161): Leverage reduction is not supported in Isolated Margin Mode with open positions.
[11:07:48] ⚠️ Lỗi API (Lần 2/3): APIError(code=-4161): Leverage reduction is not supported in Isolated Margin Mode with open positions.
[11:07:50] ⚠️ Lỗi API (Lần 3/3): APIError(code=-4161): Leverage reduction is not supported in Isolated Margin Mode with open positions.
[11:07:56] ⚠️ Phát hiện Bot Thread bị dừng. Đang khởi động lại...
[11:07:56] Thiết lập đòn bẩy và margin...
[11:07:56] ⚠️ Lỗi API (Lần 1/3): APIError(code=-4161): Leverage reduction is not supported in Isolated Margin Mode with open positions.
[11:07:58] ⚠️ Lỗi API (Lần 2/3): APIError(code=-4161): Leverage reduction is not supported in Isolated Margin Mode with open positions.
[11:07:59] ⚠️ Lỗi API (Lần 3/3): APIError(code=-4161): Leverage reduction is not supported in Isolated Margin Mode with open positions.
[11:08:06] ⚠️ Phát hiện Bot Thread bị dừng. Đang khởi động lại...
[11:08:06] Thiết lập đòn bẩy và margin...
[11:08:06] ⚠️ Lỗi API (Lần 1/3): APIError(code=-4161): Leverage reduction is not supported in Isolated Margin Mode with open positions.
[11:08:08] ⚠️ Lỗi API (Lần 2/3): APIError(code=-4161): Leverage reduction is not supported in Isolated Margin Mode with open positions.
[11:08:09] ⚠️ Lỗi API (Lần 3/3): APIError(code=-4161): Leverage reduction is not supported in Isolated Margin Mode with open positions.
[11:08:16] ⚠️ Phát hiện Bot Thread bị dừng. Đang khởi động lại...
[11:08:16] Thiết lập đòn bẩy và margin...
[11:08:16] ⚠️ Lỗi API (Lần 1/3): APIError(code=-4161): Leverage reduction is not supported in Isolated Margin Mode with open positions.
[11:08:18] ⚠️ Lỗi API (Lần 2/3): APIError(code=-4161): Leverage reduction is not supported in Isolated Margin Mode with open positions.
[11:08:19] ⚠️ Lỗi API (Lần 3/3): APIError(code=-4161): Leverage reduction is not supported in Isolated Margin Mode with open positions.
[11:08:26] ⚠️ Phát hiện Bot Thread bị dừng. Đang khởi động lại...
[11:08:26] Thiết lập đòn bẩy và margin...
[11:08:26] ⚠️ Lỗi API (Lần 1/3): APIError(code=-4161): Leverage reduction is not supported in Isolated Margin Mode with open positions.
[11:08:28] ⚠️ Lỗi API (Lần 2/3): APIError(code=-4161): Leverage reduction is not supported in Isolated Margin Mode with open positions.
[11:08:29] ⚠️ Lỗi API (Lần 3/3): APIError(code=-4161): Leverage reduction is not supported in Isolated Margin Mode with open positions.
[11:08:36] ⚠️ Phát hiện Bot Thread bị dừng. Đang khởi động lại...
[11:08:36] Thiết lập đòn bẩy và margin...
[11:08:36] ⚠️ Lỗi API (Lần 1/3): APIError(code=-4161): Leverage reduction is not supported in Isolated Margin Mode with open positions.
[11:08:38] ⚠️ Lỗi API (Lần 2/3): APIError(code=-4161): Leverage reduction is not supported in Isolated Margin Mode with open positions.
[11:08:40] ⚠️ Lỗi API (Lần 3/3): APIError(code=-4161): Leverage reduction is not supported in Isolated Margin Mode with open positions.
[11:08:46] ⚠️ Phát hiện Bot Thread bị dừng. Đang khởi động lại...
[11:08:46] Thiết lập đòn bẩy và margin...
[11:08:46] ⚠️ Lỗi API (Lần 1/3): APIError(code=-4161): Leverage reduction is not supported in Isolated Margin Mode with open positions.
[11:08:48] ⚠️ Lỗi API (Lần 2/3): APIError(code=-4161): Leverage reduction is not supported in Isolated Margin Mode with open positions.
[11:08:50] ⚠️ Lỗi API (Lần 3/3): APIError(code=-4161): Leverage reduction is not supported in Isolated Margin Mode with open positions.
[11:08:56] ⚠️ Phát hiện Bot Thread bị dừng. Đang khởi động lại...
[11:08:56] Thiết lập đòn bẩy và margin...
[11:08:56] ⚠️ Lỗi API (Lần 1/3): APIError(code=-4161): Leverage reduction is not supported in Isolated Margin Mode with open positions.
[11:08:58] ⚠️ Lỗi API (Lần 2/3): APIError(code=-4161): Leverage reduction is not supported in Isolated Margin Mode with open positions.
[11:09:00] ⚠️ Lỗi API (Lần 3/3): APIError(code=-4161): Leverage reduction is not supported in Isolated Margin Mode with open positions.
[11:09:06] ⚠️ Phát hiện Bot Thread bị dừng. Đang khởi động lại...
[11:09:06] Thiết lập đòn bẩy và margin...
[11:09:06] ⚠️ Lỗi API (Lần 1/3): APIError(code=-4161): Leverage reduction is not supported in Isolated Margin Mode with open positions.
[11:09:08] ⚠️ Lỗi API (Lần 2/3): APIError(code=-4161): Leverage reduction is not supported in Isolated Margin Mode with open positions.
[11:09:10] ⚠️ Lỗi API (Lần 3/3): APIError(code=-4161): Leverage reduction is not supported in Isolated Margin Mode with open positions.
[11:09:16] ⚠️ Phát hiện Bot Thread bị dừng. Đang khởi động lại...
[11:09:16] Thiết lập đòn bẩy và margin...
[11:09:16] ⚠️ Lỗi API (Lần 1/3): APIError(code=-4161): Leverage reduction is not supported in Isolated Margin Mode with open positions.
[11:09:19] ⚠️ Lỗi API (Lần 2/3): APIError(code=-4161): Leverage reduction is not supported in Isolated Margin Mode with open positions.
[11:09:20] ⚠️ Lỗi API (Lần 3/3): APIError(code=-4161): Leverage reduction is not supported in Isolated Margin Mode with open positions.
[11:09:26] ⚠️ Phát hiện Bot Thread bị dừng. Đang khởi động lại...
[11:09:26] Thiết lập đòn bẩy và margin...
[11:09:26] ⚠️ Lỗi API (Lần 1/3): APIError(code=-4161): Leverage reduction is not supported in Isolated Margin Mode with open positions.
[11:09:28] ⚠️ Lỗi API (Lần 2/3): APIError(code=-4161): Leverage reduction is not supported in Isolated Margin Mode with open positions.
[11:09:30] ⚠️ Lỗi API (Lần 3/3): APIError(code=-4161): Leverage reduction is not supported in Isolated Margin Mode with open positions.
[11:09:36] ⚠️ Phát hiện Bot Thread bị dừng. Đang khởi động lại...
[11:09:36] Thiết lập đòn bẩy và margin...
[11:09:36] Đang tải dữ liệu lịch sử klines...
[11:09:38] ✅ Đã kết nối WebSocket thành công!
[11:09:41] 🚀 ĐANG MỞ LONG - Đợi khớp lệnh...
[11:09:42] ✅ ĐÃ MỞ LONG | KL: 6.446 | Phí: 5.9318 USDT
[11:09:59] 🚀 ĐANG MỞ LONG - Đợi khớp lệnh...
[11:10:00] ✅ ĐÃ MỞ LONG | KL: 6.425 | Phí: 5.9122 USDT
[11:14:53] ✅ Đã khôi phục trạng thái bot_state.json!
[11:14:53] ⚠️ Phát hiện Bot Thread bị dừng. Đang khởi động lại...
[11:14:53] Thiết lập đòn bẩy và margin...
[11:14:54] Đang tải dữ liệu lịch sử klines...
[11:14:54] ✅ Đã kết nối WebSocket thành công!
[11:15:09] 🚨 KILL SWITCH ĐÃ ĐÓNG VỊ THẾ HIỆN TẠI THÀNH CÔNG!
[11:15:09] 🚨 KILL SWITCH: BẬT
[11:15:09] 🔴 KILL SWITCH ĐANG BẬT. Bot bị đình chỉ (Không mở mới).
[11:15:14] 🔴 KILL SWITCH ĐANG BẬT. Bot bị đình chỉ (Không mở mới).
[11:15:19] 🔴 KILL SWITCH ĐANG BẬT. Bot bị đình chỉ (Không mở mới).
[11:15:24] 🔴 KILL SWITCH ĐANG BẬT. Bot bị đình chỉ (Không mở mới).
[11:15:26] 🚨 KILL SWITCH: TẮT
[11:15:29] 🚀 ĐANG MỞ LONG - Đợi khớp lệnh...
[11:15:30] ✅ ĐÃ MỞ LONG | KL: 6.4 | Phí: 5.8913 USDT
[11:24:30] 🚀 ĐANG MỞ LONG - Đợi khớp lệnh...
[11:24:30] ✅ ĐÃ MỞ LONG | KL: 6.386 | Phí: 5.8807 USDT
[11:25:29] 🚨 KILL SWITCH ĐÃ ĐÓNG VỊ THẾ HIỆN TẠI THÀNH CÔNG!
[11:25:29] 🚨 KILL SWITCH: BẬT
[11:25:30] 🔴 KILL SWITCH ĐANG BẬT. Bot bị đình chỉ (Không mở mới).
[11:25:35] 🔴 KILL SWITCH ĐANG BẬT. Bot bị đình chỉ (Không mở mới).
[11:25:40] 🔴 KILL SWITCH ĐANG BẬT. Bot bị đình chỉ (Không mở mới).
[11:25:45] 🔴 KILL SWITCH ĐANG BẬT. Bot bị đình chỉ (Không mở mới).
[11:25:50] 🔴 KILL SWITCH ĐANG BẬT. Bot bị đình chỉ (Không mở mới).
[11:25:52] 🚨 KILL SWITCH: TẮT
[11:25:55] 🚀 ĐANG MỞ LONG - Đợi khớp lệnh...
[11:25:55] ✅ ĐÃ MỞ LONG | KL: 6.367 | Phí: 5.8637 USDT
[11:26:05] 🚨 KILL SWITCH ĐÃ ĐÓNG VỊ THẾ HIỆN TẠI THÀNH CÔNG!
[11:26:05] 🚨 KILL SWITCH: BẬT
[11:26:05] 🔴 KILL SWITCH ĐANG BẬT. Bot bị đình chỉ (Không mở mới).
[11:26:10] 🔴 KILL SWITCH ĐANG BẬT. Bot bị đình chỉ (Không mở mới).
[11:26:15] 🔴 KILL SWITCH ĐANG BẬT. Bot bị đình chỉ (Không mở mới).
[11:26:20] 🔴 KILL SWITCH ĐANG BẬT. Bot bị đình chỉ (Không mở mới).
[11:26:25] 🔴 KILL SWITCH ĐANG BẬT. Bot bị đình chỉ (Không mở mới).
[11:26:30] 🔴 KILL SWITCH ĐANG BẬT. Bot bị đình chỉ (Không mở mới).
[11:26:35] 🔴 KILL SWITCH ĐANG BẬT. Bot bị đình chỉ (Không mở mới).
[11:26:40] 🔴 KILL SWITCH ĐANG BẬT. Bot bị đình chỉ (Không mở mới).
[11:26:45] 🔴 KILL SWITCH ĐANG BẬT. Bot bị đình chỉ (Không mở mới).
[11:26:50] 🔴 KILL SWITCH ĐANG BẬT. Bot bị đình chỉ (Không mở mới).
[11:26:55] 🔴 KILL SWITCH ĐANG BẬT. Bot bị đình chỉ (Không mở mới).
[11:27:00] 🔴 KILL SWITCH ĐANG BẬT. Bot bị đình chỉ (Không mở mới).
[11:27:05] 🔴 KILL SWITCH ĐANG BẬT. Bot bị đình chỉ (Không mở mới).
[11:27:10] 🔴 KILL SWITCH ĐANG BẬT. Bot bị đình chỉ (Không mở mới).
[11:27:15] 🔴 KILL SWITCH ĐANG BẬT. Bot bị đình chỉ (Không mở mới).
[11:27:20] 🔴 KILL SWITCH ĐANG BẬT. Bot bị đình chỉ (Không mở mới).
[11:27:25] 🔴 KILL SWITCH ĐANG BẬT. Bot bị đình chỉ (Không mở mới).
[11:27:30] 🔴 KILL SWITCH ĐANG BẬT. Bot bị đình chỉ (Không mở mới).
[11:27:35] 🔴 KILL SWITCH ĐANG BẬT. Bot bị đình chỉ (Không mở mới).
[11:27:40] 🔴 KILL SWITCH ĐANG BẬT. Bot bị đình chỉ (Không mở mới).
[11:27:45] 🔴 KILL SWITCH ĐANG BẬT. Bot bị đình chỉ (Không mở mới).
[11:27:50] 🔴 KILL SWITCH ĐANG BẬT. Bot bị đình chỉ (Không mở mới).
[11:27:55] 🔴 KILL SWITCH ĐANG BẬT. Bot bị đình chỉ (Không mở mới).
[11:28:01] 🔴 KILL SWITCH ĐANG BẬT. Bot bị đình chỉ (Không mở mới).
[11:28:06] 🔴 KILL SWITCH ĐANG BẬT. Bot bị đình chỉ (Không mở mới).
[11:28:11] 🔴 KILL SWITCH ĐANG BẬT. Bot bị đình chỉ (Không mở mới).
[11:28:16] 🔴 KILL SWITCH ĐANG BẬT. Bot bị đình chỉ (Không mở mới).
[11:28:21] 🔴 KILL SWITCH ĐANG BẬT. Bot bị đình chỉ (Không mở mới).
[11:28:26] 🔴 KILL SWITCH ĐANG BẬT. Bot bị đình chỉ (Không mở mới).
[11:28:31] 🔴 KILL SWITCH ĐANG BẬT. Bot bị đình chỉ (Không mở mới).
[11:28:36] 🔴 KILL SWITCH ĐANG BẬT. Bot bị đình chỉ (Không mở mới).
[11:28:41] 🔴 KILL SWITCH ĐANG BẬT. Bot bị đình chỉ (Không mở mới).
[11:28:46] 🔴 KILL SWITCH ĐANG BẬT. Bot bị đình chỉ (Không mở mới).
[11:28:51] 🔴 KILL SWITCH ĐANG BẬT. Bot bị đình chỉ (Không mở mới).
[11:28:56] 🔴 KILL SWITCH ĐANG BẬT. Bot bị đình chỉ (Không mở mới).
[11:29:01] 🔴 KILL SWITCH ĐANG BẬT. Bot bị đình chỉ (Không mở mới).
[11:29:06] 🔴 KILL SWITCH ĐANG BẬT. Bot bị đình chỉ (Không mở mới).
[11:29:11] 🔴 KILL SWITCH ĐANG BẬT. Bot bị đình chỉ (Không mở mới).
[11:29:16] 🔴 KILL SWITCH ĐANG BẬT. Bot bị đình chỉ (Không mở mới).
[11:29:21] 🔴 KILL SWITCH ĐANG BẬT. Bot bị đình chỉ (Không mở mới).
[11:29:26] 🔴 KILL SWITCH ĐANG BẬT. Bot bị đình chỉ (Không mở mới).
[11:29:31] 🔴 KILL SWITCH ĐANG BẬT. Bot bị đình chỉ (Không mở mới).
[11:29:36] 🔴 KILL SWITCH ĐANG BẬT. Bot bị đình chỉ (Không mở mới).
[11:29:41] 🔴 KILL SWITCH ĐANG BẬT. Bot bị đình chỉ (Không mở mới).
[11:29:46] 🔴 KILL SWITCH ĐANG BẬT. Bot bị đình chỉ (Không mở mới).
[11:29:51] 🔴 KILL SWITCH ĐANG BẬT. Bot bị đình chỉ (Không mở mới).
[11:29:56] 🔴 KILL SWITCH ĐANG BẬT. Bot bị đình chỉ (Không mở mới).
[11:30:01] 🔴 KILL SWITCH ĐANG BẬT. Bot bị đình chỉ (Không mở mới).
[11:30:06] 🔴 KILL SWITCH ĐANG BẬT. Bot bị đình chỉ (Không mở mới).
[11:30:11] 🔴 KILL SWITCH ĐANG BẬT. Bot bị đình chỉ (Không mở mới).
[11:30:16] 🔴 KILL SWITCH ĐANG BẬT. Bot bị đình chỉ (Không mở mới).
[11:30:21] 🔴 KILL SWITCH ĐANG BẬT. Bot bị đình chỉ (Không mở mới).
[11:30:26] 🔴 KILL SWITCH ĐANG BẬT. Bot bị đình chỉ (Không mở mới).
[11:30:31] 🔴 KILL SWITCH ĐANG BẬT. Bot bị đình chỉ (Không mở mới).
[11:30:36] 🔴 KILL SWITCH ĐANG BẬT. Bot bị đình chỉ (Không mở mới).
[11:30:41] 🔴 KILL SWITCH ĐANG BẬT. Bot bị đình chỉ (Không mở mới).
[11:30:46] 🔴 KILL SWITCH ĐANG BẬT. Bot bị đình chỉ (Không mở mới).
[11:30:51] 🔴 KILL SWITCH ĐANG BẬT. Bot bị đình chỉ (Không mở mới).
[11:30:56] 🔴 KILL SWITCH ĐANG BẬT. Bot bị đình chỉ (Không mở mới).
[11:31:01] 🔴 KILL SWITCH ĐANG BẬT. Bot bị đình chỉ (Không mở mới).
[11:31:06] 🔴 KILL SWITCH ĐANG BẬT. Bot bị đình chỉ (Không mở mới).
[11:31:11] 🔴 KILL SWITCH ĐANG BẬT. Bot bị đình chỉ (Không mở mới).
[11:31:16] 🔴 KILL SWITCH ĐANG BẬT. Bot bị đình chỉ (Không mở mới).
[11:31:21] 🔴 KILL SWITCH ĐANG BẬT. Bot bị đình chỉ (Không mở mới).
[11:31:26] 🔴 KILL SWITCH ĐANG BẬT. Bot bị đình chỉ (Không mở mới).
[11:31:31] 🔴 KILL SWITCH ĐANG BẬT. Bot bị đình chỉ (Không mở mới).
[11:31:36] 🔴 KILL SWITCH ĐANG BẬT. Bot bị đình chỉ (Không mở mới).
[11:31:41] 🔴 KILL SWITCH ĐANG BẬT. Bot bị đình chỉ (Không mở mới).
[11:31:46] 🔴 KILL SWITCH ĐANG BẬT. Bot bị đình chỉ (Không mở mới).
[11:31:51] 🔴 KILL SWITCH ĐANG BẬT. Bot bị đình chỉ (Không mở mới).
[11:31:56] 🔴 KILL SWITCH ĐANG BẬT. Bot bị đình chỉ (Không mở mới).
[11:32:01] 🔴 KILL SWITCH ĐANG BẬT. Bot bị đình chỉ (Không mở mới).
[11:32:06] 🔴 KILL SWITCH ĐANG BẬT. Bot bị đình chỉ (Không mở mới).
[11:32:11] 🔴 KILL SWITCH ĐANG BẬT. Bot bị đình chỉ (Không mở mới).
[11:32:15] 🚨 KILL SWITCH: TẮT
[11:32:16] 🚀 ĐANG MỞ LONG - Đợi khớp lệnh...
[11:32:17] ✅ ĐÃ MỞ LONG | KL: 6.348 | Phí: 5.8462 USDT
[11:52:26] 🚀 ĐANG MỞ LONG - Đợi khớp lệnh...
[11:52:27] ✅ ĐÃ MỞ LONG | KL: 6.292 | Phí: 5.7870 USDT
[11:53:55] 🚀 ĐANG MỞ LONG - Đợi khớp lệnh...
[11:53:55] ✅ ĐÃ MỞ LONG | KL: 6.261 | Phí: 5.7599 USDT
[11:54:00] 🚀 ĐANG MỞ LONG - Đợi khớp lệnh...
[11:54:01] ✅ ĐÃ MỞ LONG | KL: 6.225 | Phí: 5.7268 USDT
[12:14:42] ✅ Đã khôi phục trạng thái bot_state.json!
[12:14:42] ⚠️ Phát hiện Bot Thread bị dừng. Đang khởi động lại...
[12:14:42] Thiết lập đòn bẩy và margin...
[12:14:50] ⚠️ Lỗi API (Lần 1/3): APIError(code=-2015): Invalid API-key, IP, or permissions for action
[12:14:52] ⚠️ Lỗi API (Lần 2/3): APIError(code=-2015): Invalid API-key, IP, or permissions for action
[12:14:54] ⚠️ Lỗi API (Lần 3/3): APIError(code=-2015): Invalid API-key, IP, or permissions for action
[12:15:02] ⚠️ Phát hiện Bot Thread bị dừng. Đang khởi động lại...
[12:15:02] Thiết lập đòn bẩy và margin...
[12:15:05] ⚠️ Lỗi API (Lần 1/3): APIError(code=-2015): Invalid API-key, IP, or permissions for action
[12:15:07] ⚠️ Lỗi API (Lần 2/3): APIError(code=-2015): Invalid API-key, IP, or permissions for action
[12:15:09] ⚠️ Lỗi API (Lần 3/3): APIError(code=-2015): Invalid API-key, IP, or permissions for action
[12:15:12] ⚠️ Phát hiện Bot Thread bị dừng. Đang khởi động lại...
[12:15:12] Thiết lập đòn bẩy và margin...
[12:15:12] ⚠️ Lỗi API (Lần 1/3): APIError(code=-2015): Invalid API-key, IP, or permissions for action
[12:15:14] ⚠️ Lỗi API (Lần 2/3): APIError(code=-2015): Invalid API-key, IP, or permissions for action
[12:15:16] ⚠️ Lỗi API (Lần 3/3): APIError(code=-2015): Invalid API-key, IP, or permissions for action
[12:15:22] ⚠️ Phát hiện Bot Thread bị dừng. Đang khởi động lại...
[12:15:22] Thiết lập đòn bẩy và margin...
[12:15:22] ⚠️ Lỗi API (Lần 1/3): APIError(code=-2015): Invalid API-key, IP, or permissions for action
[12:15:25] ⚠️ Lỗi API (Lần 2/3): APIError(code=-2015): Invalid API-key, IP, or permissions for action
[12:15:26] ⚠️ Lỗi API (Lần 3/3): APIError(code=-2015): Invalid API-key, IP, or permissions for action
[12:16:02] ✅ Đã khôi phục trạng thái bot_state.json!
[12:16:02] ⚠️ Phát hiện Bot Thread bị dừng. Đang khởi động lại...
[12:16:02] Thiết lập đòn bẩy và margin...
[12:16:03] ⚠️ Lỗi API (Lần 1/3): APIError(code=-2015): Invalid API-key, IP, or permissions for action
[12:16:05] ⚠️ Lỗi API (Lần 2/3): APIError(code=-2015): Invalid API-key, IP, or permissions for action
[12:16:30] ✅ Đã khôi phục trạng thái bot_state.json!
[12:16:30] ⚠️ Phát hiện Bot Thread bị dừng. Đang khởi động lại...
[12:16:30] Thiết lập đòn bẩy và margin...
[12:16:31] Đang tải dữ liệu lịch sử klines...
[12:16:32] ✅ Đã kết nối WebSocket thành công!
[12:18:42] ✅ Đã khôi phục trạng thái bot_state.json!
[12:18:42] ⚠️ Phát hiện Bot Thread bị dừng. Đang khởi động lại...
[12:18:42] Thiết lập đòn bẩy và margin...
[12:18:43] Đang tải dữ liệu lịch sử klines...
[12:18:44] ✅ Đã kết nối WebSocket & User Data Stream thành công!
[12:21:14] 🚨 KILL SWITCH: BẬT
[12:21:34] 🚨 KILL SWITCH: TẮT
[12:22:09] 🚨 KILL SWITCH ĐÃ ĐÓNG VỊ THẾ HIỆN TẠI THÀNH CÔNG!
[12:22:09] 🚨 KILL SWITCH: BẬT
[12:23:13] 🚨 KILL SWITCH: TẮT
[12:23:31] 🚨 KILL SWITCH ĐÃ ĐÓNG VỊ THẾ HIỆN TẠI THÀNH CÔNG!
[12:23:31] 🚨 KILL SWITCH: BẬT
[12:45:28] 🚨 KILL SWITCH: TẮT
[12:52:06] ✅ Đã khôi phục trạng thái bot_state.json!
[12:52:06] ⚠️ Phát hiện Bot Thread bị dừng. Đang khởi động lại...
[12:52:06] Thiết lập đòn bẩy và margin...
[12:52:07] Đang tải dữ liệu lịch sử klines...
[12:52:08] ✅ Đã kết nối WebSocket & User Data Stream thành công!
[13:06:52] ⏳ ĐANG ĐÓNG SHORT - Đợi khớp lệnh...
[13:06:53] 🏁 ĐÃ ĐÓNG SHORT | Thực nhận: -5.7689 USDT
[13:06:58] 🚨 KILL SWITCH: BẬT
[13:07:09] 🚨 KILL SWITCH: TẮT
[13:14:13] ✅ Đã khôi phục trạng thái bot_state.json!
[13:14:13] ⚠️ Phát hiện Bot Thread bị dừng. Đang khởi động lại...
[13:14:13] Thiết lập đòn bẩy và margin...
[13:14:14] Đang tải dữ liệu lịch sử klines...
[13:14:16] ✅ Đã kết nối WebSocket & User Data Stream thành công!
[13:23:44] ✅ Đã khôi phục trạng thái bot_state.json!
[13:23:44] ⚠️ Phát hiện Bot Thread bị dừng. Đang khởi động lại...
[13:23:44] Thiết lập đòn bẩy và margin...
[13:23:44] ⚠️ Lỗi API (Lần 1/3): APIError(code=-2015): Invalid API-key, IP, or permissions for action
[13:23:46] ⚠️ Lỗi API (Lần 2/3): APIError(code=-2015): Invalid API-key, IP, or permissions for action
[13:28:37] ✅ Đã khôi phục trạng thái bot_state.json!
[13:28:37] ⚠️ Phát hiện Bot Thread bị dừng. Đang khởi động lại...
[13:28:37] Thiết lập đòn bẩy và margin...
[13:28:37] Đang tải dữ liệu lịch sử klines...
[13:28:38] ✅ Đã kết nối WebSocket & User Data Stream thành công (TESTNET)!
[13:32:29] 🚨 KILL SWITCH ĐÃ ĐÓNG VỊ THẾ HIỆN TẠI THÀNH CÔNG!
[13:32:29] 🚨 KILL SWITCH: BẬT
[13:32:40] 🚨 KILL SWITCH: TẮT
[13:35:45] ✅ Đã khôi phục trạng thái bot_state.json!
[13:35:45] ⚠️ Phát hiện Bot Thread bị dừng. Đang khởi động lại...
[13:35:45] Thiết lập đòn bẩy và margin...
[13:35:47] Đang tải dữ liệu lịch sử klines...
[13:35:49] ✅ Đã kết nối WebSocket & User Data Stream thành công (TESTNET)!
[14:00:01] 🚀 ĐANG MỞ LONG - Đợi khớp lệnh...
[14:00:01] ✅ ĐÃ MỞ LONG | KL: 6.159 | Phí: 5.6768 USDT
[14:02:51] ✅ Đã khôi phục trạng thái bot_state.json!
[14:02:51] ⚠️ Phát hiện Bot Thread bị dừng. Đang khởi động lại...
[14:02:51] Thiết lập đòn bẩy và margin...
[14:02:52] Đang tải dữ liệu lịch sử klines...
[14:02:54] ✅ Đã kết nối WebSocket & User Data Stream thành công!
[14:03:14] 🚀 ĐANG MỞ LONG - Đợi khớp lệnh...
[14:03:15] ✅ ĐÃ MỞ LONG | KL: 6.136 | Phí: 5.6549 USDT
[14:03:22] 🚀 ĐANG MỞ LONG - Đợi khớp lệnh...
[14:03:22] ✅ ĐÃ MỞ LONG | KL: 6.115 | Phí: 5.6355 USDT
[14:03:56] 🚨 KILL SWITCH ĐÃ ĐÓNG VỊ THẾ HIỆN TẠI THÀNH CÔNG!
[14:03:56] 🚨 KILL SWITCH: BẬT
[14:04:08] 🚨 KILL SWITCH: TẮT
[14:04:11] 🚀 ĐANG MỞ LONG - Đợi khớp lệnh...
[14:04:12] ✅ ĐÃ MỞ LONG | KL: 6.092 | Phí: 5.6132 USDT
[14:08:55] 🚀 ĐANG MỞ LONG - Đợi khớp lệnh...
[14:08:56] ✅ ĐÃ MỞ LONG | KL: 6.075 | Phí: 5.5981 USDT
[14:09:02] 🚀 ĐANG MỞ LONG - Đợi khớp lệnh...
[14:09:03] ✅ ĐÃ MỞ LONG | KL: 6.056 | Phí: 5.5806 USDT
